[debug] [2023-09-05T05:57:48.513Z] ----------------------------------------------------------------------
[debug] [2023-09-05T05:57:48.515Z] Command:       C:\Program Files\nodejs\node.exe C:\Users\Chamindu\AppData\Roaming\npm\node_modules\firebase-tools\lib\bin\firebase.js init
[debug] [2023-09-05T05:57:48.515Z] CLI Version:   12.5.2
[debug] [2023-09-05T05:57:48.515Z] Platform:      win32
[debug] [2023-09-05T05:57:48.516Z] Node Version:  v18.16.1
[debug] [2023-09-05T05:57:48.516Z] Time:          Tue Sep 05 2023 11:27:48 GMT+0530 (India Standard Time)
[debug] [2023-09-05T05:57:48.517Z] ----------------------------------------------------------------------
[debug] 
[debug] [2023-09-05T05:57:48.526Z] > command requires scopes: ["email","openid","https://www.googleapis.com/auth/cloudplatformprojects.readonly","https://www.googleapis.com/auth/firebase","https://www.googleapis.com/auth/cloud-platform"]
[debug] [2023-09-05T05:57:48.526Z] > authorizing via signed-in user (chamindumoramudali99@gmail.com)
[info] 
     ######## #### ########  ######## ########     ###     ######  ########
     ##        ##  ##     ## ##       ##     ##  ##   ##  ##       ##
     ######    ##  ########  ######   ########  #########  ######  ######
     ##        ##  ##    ##  ##       ##     ## ##     ##       ## ##
     ##       #### ##     ## ######## ########  ##     ##  ######  ########

You're about to initialize a Firebase project in this directory:

  C:\Users\Chamindu\source\repos\front

[info] 
=== Project Setup
[info] 
[info] First, let's associate this project directory with a Firebase project.
[info] You can create multiple project aliases by running firebase use --add, 
[info] but for now we'll just set up a default project.
[info] 
